<?xml version="1.0" encoding="UTF-8"?>
<testsuite xmlns:xsi="http://www.w3.org/2001/XMLSchema-instance" xsi:noNamespaceSchemaLocation="https://maven.apache.org/surefire/maven-surefire-plugin/xsd/surefire-test-report.xsd" version="3.0.2" name="com.panucci.mlp.MlpApplicationTests" time="4.092" tests="1" errors="0" skipped="0" failures="0" flakes="0">
  <properties>
[...]
</properties>
  <testcase name="contextLoads" classname="com.panucci.mlp.MlpApplicationTests" time="1.132">
    <system-out><![CDATA[11:18:29.143 [main] INFO org.springframework.test.context.support.AnnotationConfigContextLoaderUtils -- Could not detect default configuration classes for test class [com.panucci.mlp.MlpApplicationTests]: MlpApplicationTests does not declare any static, non-private, non-final, nested classes annotated with @Configuration.
11:18:29.314 [main] INFO org.springframework.boot.test.context.SpringBootTestContextBootstrapper -- Found @SpringBootConfiguration com.panucci.mlp.MlpApplication for test class com.panucci.mlp.MlpApplicationTests
11:18:29.505 [main] INFO org.springframework.test.context.support.AnnotationConfigContextLoaderUtils -- Could not detect default configuration classes for test class [com.panucci.mlp.MlpApplicationTests]: MlpApplicationTests does not declare any static, non-private, non-final, nested classes annotated with @Configuration.
11:18:29.508 [main] INFO org.springframework.boot.test.context.SpringBootTestContextBootstrapper -- Found @SpringBootConfiguration com.panucci.mlp.MlpApplication for test class com.panucci.mlp.MlpApplicationTests
11:18:29.650 [main] INFO org.springframework.boot.devtools.restart.RestartApplicationListener -- Restart disabled due to context in which it is running

  .   ____          _            __ _ _
 /\\ / ___'_ __ _ _(_)_ __  __ _ \ \ \ \
( ( )\___ | '_ | '_| | '_ \/ _` | \ \ \ \
 \\/  ___)| |_)| | | | | || (_| |  ) ) ) )
  '  |____| .__|_| |_|_| |_\__, | / / / /
 =========|_|==============|___/=/_/_/_/

 :: Spring Boot ::                (v4.1.0)

2026-08-06T11:18:30.060-03:00  INFO 23504 --- [mlp] [           main] com.panucci.mlp.MlpApplicationTests      : Starting MlpApplicationTests using Java 17.0.12 with PID 23504 (started by Usuario in C:\Users\Usuario\Desktop\CODING\portf-MLP\api)
2026-08-06T11:18:30.062-03:00  INFO 23504 --- [mlp] [           main] com.panucci.mlp.MlpApplicationTests      : No active profile set, falling back to 1 default profile: "default"
2026-08-06T11:18:31.671-03:00  INFO 23504 --- [mlp] [           main] o.s.m.s.b.SimpleBrokerMessageHandler     : Starting...
2026-08-06T11:18:31.672-03:00  INFO 23504 --- [mlp] [           main] o.s.m.s.b.SimpleBrokerMessageHandler     : BrokerAvailabilityEvent[available=true, SimpleBrokerMessageHandler [org.springframework.messaging.simp.broker.DefaultSubscriptionRegistry@370ef50b]]
2026-08-06T11:18:31.673-03:00  INFO 23504 --- [mlp] [           main] o.s.m.s.b.SimpleBrokerMessageHandler     : Started.
2026-08-06T11:18:31.680-03:00  INFO 23504 --- [mlp] [           main] com.panucci.mlp.MlpApplicationTests      : Started MlpApplicationTests in 2.05 seconds (process running for 4.02)
]]></system-out>
  </testcase>
</testsuite>